{
    "level": "INFO",
    "message": "APPLICATION_STARTED",
    "timestamp": "2025-09-13T10:17:41.741Z",
    "meta": {
        "PORT": "3000",
        "SERVER_URL": "http://localhost:3000"
    }
}
{
    "level": "INFO",
    "message": "APPLICATION_STARTED",
    "timestamp": "2025-09-13T10:17:51.801Z",
    "meta": {
        "PORT": "3000",
        "SERVER_URL": "http://localhost:3000"
    }
}
{
    "level": "INFO",
    "message": "APPLICATION_STARTED",
    "timestamp": "2025-09-13T10:17:57.865Z",
    "meta": {
        "PORT": "3000",
        "SERVER_URL": "http://localhost:3000"
    }
}
{
    "level": "INFO",
    "message": "APPLICATION_STARTED",
    "timestamp": "2025-09-13T10:18:16.352Z",
    "meta": {
        "PORT": "3000",
        "SERVER_URL": "http://localhost:3000"
    }
}
{
    "level": "INFO",
    "message": "APPLICATION_STARTED",
    "timestamp": "2025-09-13T10:18:33.709Z",
    "meta": {
        "PORT": "3000",
        "SERVER_URL": "http://localhost:3000"
    }
}
{
    "level": "INFO",
    "message": "APPLICATION_STARTED",
    "timestamp": "2025-09-13T10:18:46.799Z",
    "meta": {
        "PORT": "3000",
        "SERVER_URL": "http://localhost:3000"
    }
}
{
    "level": "ERROR",
    "message": "CONTROLLER_ERROR",
    "timestamp": "2025-09-13T10:18:47.859Z",
    "meta": {
        "success": false,
        "statusCode": 404,
        "request": {
            "ip": "::1",
            "method": "GET",
            "url": "/self"
        },
        "message": "route not found",
        "data": null,
        "trace": {
            "error": "Error: route not found\n    at C:\\Users\\tosif\\Documents\\New folder\\tabLeet_backend\\src\\app.ts:19:11\n    at Layer.handleRequest (C:\\Users\\tosif\\Documents\\New folder\\tabLeet_backend\\node_modules\\router\\lib\\layer.js:152:17)\n    at trimPrefix (C:\\Users\\tosif\\Documents\\New folder\\tabLeet_backend\\node_modules\\router\\index.js:342:13)\n    at C:\\Users\\tosif\\Documents\\New folder\\tabLeet_backend\\node_modules\\router\\index.js:297:9\n    at processParams (C:\\Users\\tosif\\Documents\\New folder\\tabLeet_backend\\node_modules\\router\\index.js:582:12)\n    at next (C:\\Users\\tosif\\Documents\\New folder\\tabLeet_backend\\node_modules\\router\\index.js:291:5)\n    at jsonParser (C:\\Users\\tosif\\Documents\\New folder\\tabLeet_backend\\node_modules\\body-parser\\lib\\types\\json.js:100:7)\n    at Layer.handleRequest (C:\\Users\\tosif\\Documents\\New folder\\tabLeet_backend\\node_modules\\router\\lib\\layer.js:152:17)\n    at trimPrefix (C:\\Users\\tosif\\Documents\\New folder\\tabLeet_backend\\node_modules\\router\\index.js:342:13)\n    at C:\\Users\\tosif\\Documents\\New folder\\tabLeet_backend\\node_modules\\router\\index.js:297:9"
        }
    }
}
{
    "level": "INFO",
    "message": "APPLICATION_STARTED",
    "timestamp": "2025-09-13T10:18:52.016Z",
    "meta": {
        "PORT": "3000",
        "SERVER_URL": "http://localhost:3000"
    }
}
